# JRE version: OpenJDK Runtime Environment Temurin-17.0.5+8 (17.0.5+8) (build 17.0.5+8)
# Java VM: OpenJDK 64-Bit Server VM Temurin-17.0.5+8 (17.0.5+8, mixed mode, tiered, compressed oops, compressed class ptrs, parallel gc, windows-amd64)
GC Precious Log:
 CPUs: 4 total, 4 available
 Memory: 7087M
 Large Page Support: Disabled
 NUMA Support: Disabled
 Compressed Oops: Enabled (32-bit)
 Alignments: Space 512K, Generation 512K, Heap 2M
 Heap Min Capacity: 100M
 Heap Initial Capacity: 100M
 Heap Max Capacity: 1G
 Pre-touch: Disabled
 Parallel Workers: 4
Heap:
 PSYoungGen      total 14336K, used 10542K [0x00000000eab00000, 0x00000000ec400000, 0x0000000100000000)
  eden space 12800K, 70% used [0x00000000eab00000,0x00000000eb3d3918,0x00000000eb780000)
  from space 1536K, 97% used [0x00000000ec280000,0x00000000ec3f8020,0x00000000ec400000)
  to   space 4608K, 0% used [0x00000000ebb00000,0x00000000ebb00000,0x00000000ebf80000)
 ParOldGen       total 115712K, used 84484K [0x00000000c0000000, 0x00000000c7100000, 0x00000000eab00000)
  object space 115712K, 73% used [0x00000000c0000000,0x00000000c5281100,0x00000000c7100000)
 Metaspace       used 78012K, committed 79104K, reserved 1122304K
  class space    used 8285K, committed 8768K, reserved 1048576K
GC Heap History (20 events):
Event: 316.567 GC heap before
{Heap before GC invocations=46 (full 4):
 PSYoungGen      total 24576K, used 24544K [0x00000000eab00000, 0x00000000eca00000, 0x0000000100000000)
  eden space 21504K, 100% used [0x00000000eab00000,0x00000000ec000000,0x00000000ec000000)
  from space 3072K, 98% used [0x00000000ec700000,0x00000000ec9f8020,0x00000000eca00000)
  to   space 4096K, 0% used [0x00000000ec200000,0x00000000ec200000,0x00000000ec600000)
 ParOldGen       total 111616K, used 98574K [0x00000000c0000000, 0x00000000c6d00000, 0x00000000eab00000)
  object space 111616K, 88% used [0x00000000c0000000,0x00000000c6043b90,0x00000000c6d00000)
 Metaspace       used 73245K, committed 74304K, reserved 1122304K
  class space    used 7660K, committed 8128K, reserved 1048576K
}
Event: 316.574 GC heap after
{Heap after GC invocations=46 (full 4):
 PSYoungGen      total 25088K, used 3232K [0x00000000eab00000, 0x00000000ec780000, 0x0000000100000000)
  eden space 21504K, 0% used [0x00000000eab00000,0x00000000eab00000,0x00000000ec000000)
  from space 3584K, 90% used [0x00000000ec200000,0x00000000ec528020,0x00000000ec580000)
  to   space 2048K, 0% used [0x00000000ec580000,0x00000000ec580000,0x00000000ec780000)
 ParOldGen       total 111616K, used 99217K [0x00000000c0000000, 0x00000000c6d00000, 0x00000000eab00000)
  object space 111616K, 88% used [0x00000000c0000000,0x00000000c60e44b0,0x00000000c6d00000)
 Metaspace       used 73245K, committed 74304K, reserved 1122304K
  class space    used 7660K, committed 8128K, reserved 1048576K
}
Event: 317.210 GC heap before
{Heap before GC invocations=47 (full 4):
 PSYoungGen      total 25088K, used 24728K [0x00000000eab00000, 0x00000000ec780000, 0x0000000100000000)
  eden space 21504K, 99% used [0x00000000eab00000,0x00000000ebffe358,0x00000000ec000000)
  from space 3584K, 90% used [0x00000000ec200000,0x00000000ec528020,0x00000000ec580000)
  to   space 2048K, 0% used [0x00000000ec580000,0x00000000ec580000,0x00000000ec780000)
 ParOldGen       total 111616K, used 99217K [0x00000000c0000000, 0x00000000c6d00000, 0x00000000eab00000)
  object space 111616K, 88% used [0x00000000c0000000,0x00000000c60e44b0,0x00000000c6d00000)
 Metaspace       used 73345K, committed 74432K, reserved 1122304K
  class space    used 7661K, committed 8128K, reserved 1048576K
}
Event: 317.236 GC heap after
{Heap after GC invocations=47 (full 4):
 PSYoungGen      total 14848K, used 2044K [0x00000000eab00000, 0x00000000edc00000, 0x0000000100000000)
  eden space 12800K, 0% used [0x00000000eab00000,0x00000000eab00000,0x00000000eb780000)
  from space 2048K, 99% used [0x00000000ec580000,0x00000000ec77f070,0x00000000ec780000)
  to   space 14336K, 0% used [0x00000000eb780000,0x00000000eb780000,0x00000000ec580000)
 ParOldGen       total 111616K, used 109454K [0x00000000c0000000, 0x00000000c6d00000, 0x00000000eab00000)
  object space 111616K, 98% used [0x00000000c0000000,0x00000000c6ae3978,0x00000000c6d00000)
 Metaspace       used 73345K, committed 74432K, reserved 1122304K
  class space    used 7661K, committed 8128K, reserved 1048576K
}
Event: 317.236 GC heap before
{Heap before GC invocations=48 (full 5):
 PSYoungGen      total 14848K, used 2044K [0x00000000eab00000, 0x00000000edc00000, 0x0000000100000000)
  eden space 12800K, 0% used [0x00000000eab00000,0x00000000eab00000,0x00000000eb780000)
  from space 2048K, 99% used [0x00000000ec580000,0x00000000ec77f070,0x00000000ec780000)
  to   space 14336K, 0% used [0x00000000eb780000,0x00000000eb780000,0x00000000ec580000)
 ParOldGen       total 111616K, used 109454K [0x00000000c0000000, 0x00000000c6d00000, 0x00000000eab00000)
  object space 111616K, 98% used [0x00000000c0000000,0x00000000c6ae3978,0x00000000c6d00000)
 Metaspace       used 73345K, committed 74432K, reserved 1122304K
  class space    used 7661K, committed 8128K, reserved 1048576K
}
Event: 317.496 GC heap after
{Heap after GC invocations=48 (full 5):
 PSYoungGen      total 27136K, used 0K [0x00000000eab00000, 0x00000000ed380000, 0x0000000100000000)
  eden space 12800K, 0% used [0x00000000eab00000,0x00000000eab00000,0x00000000eb780000)
  from space 14336K, 0% used [0x00000000eb780000,0x00000000eb780000,0x00000000ec580000)
  to   space 14336K, 0% used [0x00000000ec580000,0x00000000ec580000,0x00000000ed380000)
 ParOldGen       total 115712K, used 79031K [0x00000000c0000000, 0x00000000c7100000, 0x00000000eab00000)
  object space 115712K, 68% used [0x00000000c0000000,0x00000000c4d2dc78,0x00000000c7100000)
 Metaspace       used 73345K, committed 74432K, reserved 1122304K
  class space    used 7661K, committed 8128K, reserved 1048576K
}
Event: 320.247 GC heap before
{Heap before GC invocations=49 (full 5):
 PSYoungGen      total 27136K, used 12800K [0x00000000eab00000, 0x00000000ed380000, 0x0000000100000000)
  eden space 12800K, 100% used [0x00000000eab00000,0x00000000eb780000,0x00000000eb780000)
  from space 14336K, 0% used [0x00000000eb780000,0x00000000eb780000,0x00000000ec580000)
  to   space 14336K, 0% used [0x00000000ec580000,0x00000000ec580000,0x00000000ed380000)
 ParOldGen       total 115712K, used 79031K [0x00000000c0000000, 0x00000000c7100000, 0x00000000eab00000)
  object space 115712K, 68% used [0x00000000c0000000,0x00000000c4d2dc78,0x00000000c7100000)
 Metaspace       used 73946K, committed 75008K, reserved 1122304K
  class space    used 7745K, committed 8192K, reserved 1048576K
}
Event: 320.251 GC heap after
{Heap after GC invocations=49 (full 5):
 PSYoungGen      total 13824K, used 1007K [0x00000000eab00000, 0x00000000ec680000, 0x0000000100000000)
  eden space 12800K, 0% used [0x00000000eab00000,0x00000000eab00000,0x00000000eb780000)
  from space 1024K, 98% used [0x00000000ec580000,0x00000000ec67bc88,0x00000000ec680000)
  to   space 5120K, 0% used [0x00000000ebc80000,0x00000000ebc80000,0x00000000ec180000)
 ParOldGen       total 115712K, used 79039K [0x00000000c0000000, 0x00000000c7100000, 0x00000000eab00000)
  object space 115712K, 68% used [0x00000000c0000000,0x00000000c4d2fc78,0x00000000c7100000)
 Metaspace       used 73946K, committed 75008K, reserved 1122304K
  class space    used 7745K, committed 8192K, reserved 1048576K
}
Event: 326.847 GC heap before
{Heap before GC invocations=50 (full 5):
 PSYoungGen      total 13824K, used 13793K [0x00000000eab00000, 0x00000000ec680000, 0x0000000100000000)
  eden space 12800K, 99% used [0x00000000eab00000,0x00000000eb77c848,0x00000000eb780000)
  from space 1024K, 98% used [0x00000000ec580000,0x00000000ec67bc88,0x00000000ec680000)
  to   space 5120K, 0% used [0x00000000ebc80000,0x00000000ebc80000,0x00000000ec180000)
 ParOldGen       total 115712K, used 79039K [0x00000000c0000000, 0x00000000c7100000, 0x00000000eab00000)
  object space 115712K, 68% used [0x00000000c0000000,0x00000000c4d2fc78,0x00000000c7100000)
 Metaspace       used 74881K, committed 75904K, reserved 1122304K
  class space    used 7855K, committed 8320K, reserved 1048576K
}
Event: 326.852 GC heap after
{Heap after GC invocations=50 (full 5):
 PSYoungGen      total 17920K, used 1567K [0x00000000eab00000, 0x00000000ec600000, 0x0000000100000000)
  eden space 12800K, 0% used [0x00000000eab00000,0x00000000eab00000,0x00000000eb780000)
  from space 5120K, 30% used [0x00000000ebc80000,0x00000000ebe07c88,0x00000000ec180000)
  to   space 2560K, 0% used [0x00000000ec380000,0x00000000ec380000,0x00000000ec600000)
 ParOldGen       total 115712K, used 79039K [0x00000000c0000000, 0x00000000c7100000, 0x00000000eab00000)
  object space 115712K, 68% used [0x00000000c0000000,0x00000000c4d2fc78,0x00000000c7100000)
 Metaspace       used 74881K, committed 75904K, reserved 1122304K
  class space    used 7855K, committed 8320K, reserved 1048576K
}
Event: 329.514 GC heap before
{Heap before GC invocations=51 (full 5):
 PSYoungGen      total 17920K, used 14367K [0x00000000eab00000, 0x00000000ec600000, 0x0000000100000000)
  eden space 12800K, 100% used [0x00000000eab00000,0x00000000eb780000,0x00000000eb780000)
  from space 5120K, 30% used [0x00000000ebc80000,0x00000000ebe07c88,0x00000000ec180000)
  to   space 2560K, 0% used [0x00000000ec380000,0x00000000ec380000,0x00000000ec600000)
 ParOldGen       total 115712K, used 79039K [0x00000000c0000000, 0x00000000c7100000, 0x00000000eab00000)
  object space 115712K, 68% used [0x00000000c0000000,0x00000000c4d2fc78,0x00000000c7100000)
 Metaspace       used 75877K, committed 76992K, reserved 1122304K
  class space    used 7983K, committed 8448K, reserved 1048576K
}
Event: 329.519 GC heap after
{Heap after GC invocations=51 (full 5):
 PSYoungGen      total 14848K, used 1823K [0x00000000eab00000, 0x00000000ec580000, 0x0000000100000000)
  eden space 12800K, 0% used [0x00000000eab00000,0x00000000eab00000,0x00000000eb780000)
  from space 2048K, 89% used [0x00000000ec380000,0x00000000ec547c88,0x00000000ec580000)
  to   space 2048K, 0% used [0x00000000ec180000,0x00000000ec180000,0x00000000ec380000)
 ParOldGen       total 115712K, used 79047K [0x00000000c0000000, 0x00000000c7100000, 0x00000000eab00000)
  object space 115712K, 68% used [0x00000000c0000000,0x00000000c4d31c78,0x00000000c7100000)
 Metaspace       used 75877K, committed 76992K, reserved 1122304K
  class space    used 7983K, committed 8448K, reserved 1048576K
}
Event: 330.009 GC heap before
{Heap before GC invocations=52 (full 5):
 PSYoungGen      total 14848K, used 14623K [0x00000000eab00000, 0x00000000ec580000, 0x0000000100000000)
  eden space 12800K, 100% used [0x00000000eab00000,0x00000000eb780000,0x00000000eb780000)
  from space 2048K, 89% used [0x00000000ec380000,0x00000000ec547c88,0x00000000ec580000)
  to   space 2048K, 0% used [0x00000000ec180000,0x00000000ec180000,0x00000000ec380000)
 ParOldGen       total 115712K, used 79047K [0x00000000c0000000, 0x00000000c7100000, 0x00000000eab00000)
  object space 115712K, 68% used [0x00000000c0000000,0x00000000c4d31c78,0x00000000c7100000)
 Metaspace       used 76790K, committed 77888K, reserved 1122304K
  class space    used 8167K, committed 8640K, reserved 1048576K
}
Event: 330.017 GC heap after
{Heap after GC invocations=52 (full 5):
 PSYoungGen      total 14848K, used 2031K [0x00000000eab00000, 0x00000000ec400000, 0x0000000100000000)
  eden space 12800K, 0% used [0x00000000eab00000,0x00000000eab00000,0x00000000eb780000)
  from space 2048K, 99% used [0x00000000ec180000,0x00000000ec37bc98,0x00000000ec380000)
  to   space 512K, 0% used [0x00000000ec380000,0x00000000ec380000,0x00000000ec400000)
 ParOldGen       total 115712K, used 80134K [0x00000000c0000000, 0x00000000c7100000, 0x00000000eab00000)
  object space 115712K, 69% used [0x00000000c0000000,0x00000000c4e41820,0x00000000c7100000)
 Metaspace       used 76790K, committed 77888K, reserved 1122304K
  class space    used 8167K, committed 8640K, reserved 1048576K
}
Event: 342.019 GC heap before
{Heap before GC invocations=53 (full 5):
 PSYoungGen      total 14848K, used 14831K [0x00000000eab00000, 0x00000000ec400000, 0x0000000100000000)
  eden space 12800K, 100% used [0x00000000eab00000,0x00000000eb780000,0x00000000eb780000)
  from space 2048K, 99% used [0x00000000ec180000,0x00000000ec37bc98,0x00000000ec380000)
  to   space 512K, 0% used [0x00000000ec380000,0x00000000ec380000,0x00000000ec400000)
 ParOldGen       total 115712K, used 80134K [0x00000000c0000000, 0x00000000c7100000, 0x00000000eab00000)
  object space 115712K, 69% used [0x00000000c0000000,0x00000000c4e41820,0x00000000c7100000)
 Metaspace       used 77543K, committed 78592K, reserved 1122304K
  class space    used 8246K, committed 8704K, reserved 1048576K
}
Event: 342.026 GC heap after
{Heap after GC invocations=53 (full 5):
 PSYoungGen      total 13312K, used 511K [0x00000000eab00000, 0x00000000ec400000, 0x0000000100000000)
  eden space 12800K, 0% used [0x00000000eab00000,0x00000000eab00000,0x00000000eb780000)
  from space 512K, 99% used [0x00000000ec380000,0x00000000ec3ffc68,0x00000000ec400000)
  to   space 3072K, 0% used [0x00000000ebe00000,0x00000000ebe00000,0x00000000ec100000)
 ParOldGen       total 115712K, used 81973K [0x00000000c0000000, 0x00000000c7100000, 0x00000000eab00000)
  object space 115712K, 70% used [0x00000000c0000000,0x00000000c500d440,0x00000000c7100000)
 Metaspace       used 77543K, committed 78592K, reserved 1122304K
  class space    used 8246K, committed 8704K, reserved 1048576K
}
Event: 348.236 GC heap before
{Heap before GC invocations=54 (full 5):
 PSYoungGen      total 13312K, used 13311K [0x00000000eab00000, 0x00000000ec400000, 0x0000000100000000)
  eden space 12800K, 100% used [0x00000000eab00000,0x00000000eb780000,0x00000000eb780000)
  from space 512K, 99% used [0x00000000ec380000,0x00000000ec3ffc68,0x00000000ec400000)
  to   space 3072K, 0% used [0x00000000ebe00000,0x00000000ebe00000,0x00000000ec100000)
 ParOldGen       total 115712K, used 81973K [0x00000000c0000000, 0x00000000c7100000, 0x00000000eab00000)
  object space 115712K, 70% used [0x00000000c0000000,0x00000000c500d440,0x00000000c7100000)
 Metaspace       used 77742K, committed 78784K, reserved 1122304K
  class space    used 8249K, committed 8704K, reserved 1048576K
}
Event: 348.238 GC heap after
{Heap after GC invocations=54 (full 5):
 PSYoungGen      total 15872K, used 640K [0x00000000eab00000, 0x00000000ec400000, 0x0000000100000000)
  eden space 12800K, 0% used [0x00000000eab00000,0x00000000eab00000,0x00000000eb780000)
  from space 3072K, 20% used [0x00000000ebe00000,0x00000000ebea0020,0x00000000ec100000)
  to   space 1536K, 0% used [0x00000000ec280000,0x00000000ec280000,0x00000000ec400000)
 ParOldGen       total 115712K, used 82100K [0x00000000c0000000, 0x00000000c7100000, 0x00000000eab00000)
  object space 115712K, 70% used [0x00000000c0000000,0x00000000c502d1d0,0x00000000c7100000)
 Metaspace       used 77742K, committed 78784K, reserved 1122304K
  class space    used 8249K, committed 8704K, reserved 1048576K
}
Event: 388.431 GC heap before
{Heap before GC invocations=55 (full 5):
 PSYoungGen      total 15872K, used 13440K [0x00000000eab00000, 0x00000000ec400000, 0x0000000100000000)
  eden space 12800K, 100% used [0x00000000eab00000,0x00000000eb780000,0x00000000eb780000)
  from space 3072K, 20% used [0x00000000ebe00000,0x00000000ebea0020,0x00000000ec100000)
  to   space 1536K, 0% used [0x00000000ec280000,0x00000000ec280000,0x00000000ec400000)
 ParOldGen       total 115712K, used 82100K [0x00000000c0000000, 0x00000000c7100000, 0x00000000eab00000)
  object space 115712K, 70% used [0x00000000c0000000,0x00000000c502d1d0,0x00000000c7100000)
 Metaspace       used 77973K, committed 79040K, reserved 1122304K
  class space    used 8285K, committed 8768K, reserved 1048576K
}
Event: 388.442 GC heap after
{Heap after GC invocations=55 (full 5):
 PSYoungGen      total 14336K, used 1504K [0x00000000eab00000, 0x00000000ec400000, 0x0000000100000000)
  eden space 12800K, 0% used [0x00000000eab00000,0x00000000eab00000,0x00000000eb780000)
  from space 1536K, 97% used [0x00000000ec280000,0x00000000ec3f8020,0x00000000ec400000)
  to   space 4608K, 0% used [0x00000000ebb00000,0x00000000ebb00000,0x00000000ebf80000)
 ParOldGen       total 115712K, used 84484K [0x00000000c0000000, 0x00000000c7100000, 0x00000000eab00000)
  object space 115712K, 73% used [0x00000000c0000000,0x00000000c5281100,0x00000000c7100000)
 Metaspace       used 77973K, committed 79040K, reserved 1122304K
  class space    used 8285K, committed 8768K, reserved 1048576K
}

