# JRE version: OpenJDK Runtime Environment Temurin-17.0.5+8 (17.0.5+8) (build 17.0.5+8)
# Java VM: OpenJDK 64-Bit Server VM Temurin-17.0.5+8 (17.0.5+8, mixed mode, tiered, compressed oops, compressed class ptrs, parallel gc, windows-amd64)
GC Precious Log:
 CPUs: 4 total, 4 available
 Memory: 7087M
 Large Page Support: Disabled
 NUMA Support: Disabled
 Compressed Oops: Enabled (32-bit)
 Alignments: Space 512K, Generation 512K, Heap 2M
 Heap Min Capacity: 100M
 Heap Initial Capacity: 100M
 Heap Max Capacity: 1G
 Pre-touch: Disabled
 Parallel Workers: 4
Heap:
 PSYoungGen      total 23040K, used 982K [0x00000000eab00000, 0x00000000ec380000, 0x0000000100000000)
  eden space 22016K, 0% used [0x00000000eab00000,0x00000000eab00000,0x00000000ec080000)
  from space 1024K, 95% used [0x00000000ec080000,0x00000000ec1758f8,0x00000000ec180000)
  to   space 1536K, 0% used [0x00000000ec200000,0x00000000ec200000,0x00000000ec380000)
 ParOldGen       total 68608K, used 33801K [0x00000000c0000000, 0x00000000c4300000, 0x00000000eab00000)
  object space 68608K, 49% used [0x00000000c0000000,0x00000000c2102658,0x00000000c4300000)
 Metaspace       used 58729K, committed 59776K, reserved 1105920K
  class space    used 6215K, committed 6656K, reserved 1048576K
GC Heap History (20 events):
Event: 34.357 GC heap after
{Heap after GC invocations=18 (full 2):
 PSYoungGen      total 24576K, used 2368K [0x00000000eab00000, 0x00000000ec800000, 0x0000000100000000)
  eden space 22016K, 0% used [0x00000000eab00000,0x00000000eab00000,0x00000000ec080000)
  from space 2560K, 92% used [0x00000000ec580000,0x00000000ec7d0000,0x00000000ec800000)
  to   space 3584K, 0% used [0x00000000ec100000,0x00000000ec100000,0x00000000ec480000)
 ParOldGen       total 68608K, used 23076K [0x00000000c0000000, 0x00000000c4300000, 0x00000000eab00000)
  object space 68608K, 33% used [0x00000000c0000000,0x00000000c1689328,0x00000000c4300000)
 Metaspace       used 46204K, committed 47040K, reserved 1097728K
  class space    used 4955K, committed 5312K, reserved 1048576K
}
Event: 34.742 GC heap before
{Heap before GC invocations=19 (full 2):
 PSYoungGen      total 24576K, used 24384K [0x00000000eab00000, 0x00000000ec800000, 0x0000000100000000)
  eden space 22016K, 100% used [0x00000000eab00000,0x00000000ec080000,0x00000000ec080000)
  from space 2560K, 92% used [0x00000000ec580000,0x00000000ec7d0000,0x00000000ec800000)
  to   space 3584K, 0% used [0x00000000ec100000,0x00000000ec100000,0x00000000ec480000)
 ParOldGen       total 68608K, used 23076K [0x00000000c0000000, 0x00000000c4300000, 0x00000000eab00000)
  object space 68608K, 33% used [0x00000000c0000000,0x00000000c1689328,0x00000000c4300000)
 Metaspace       used 46213K, committed 47040K, reserved 1097728K
  class space    used 4955K, committed 5312K, reserved 1048576K
}
Event: 34.754 GC heap after
{Heap after GC invocations=19 (full 2):
 PSYoungGen      total 25088K, used 2656K [0x00000000eab00000, 0x00000000ec680000, 0x0000000100000000)
  eden space 22016K, 0% used [0x00000000eab00000,0x00000000eab00000,0x00000000ec080000)
  from space 3072K, 86% used [0x00000000ec100000,0x00000000ec398010,0x00000000ec400000)
  to   space 2560K, 0% used [0x00000000ec400000,0x00000000ec400000,0x00000000ec680000)
 ParOldGen       total 68608K, used 25404K [0x00000000c0000000, 0x00000000c4300000, 0x00000000eab00000)
  object space 68608K, 37% used [0x00000000c0000000,0x00000000c18cf328,0x00000000c4300000)
 Metaspace       used 46213K, committed 47040K, reserved 1097728K
  class space    used 4955K, committed 5312K, reserved 1048576K
}
Event: 35.633 GC heap before
{Heap before GC invocations=20 (full 2):
 PSYoungGen      total 25088K, used 24672K [0x00000000eab00000, 0x00000000ec680000, 0x0000000100000000)
  eden space 22016K, 100% used [0x00000000eab00000,0x00000000ec080000,0x00000000ec080000)
  from space 3072K, 86% used [0x00000000ec100000,0x00000000ec398010,0x00000000ec400000)
  to   space 2560K, 0% used [0x00000000ec400000,0x00000000ec400000,0x00000000ec680000)
 ParOldGen       total 68608K, used 25404K [0x00000000c0000000, 0x00000000c4300000, 0x00000000eab00000)
  object space 68608K, 37% used [0x00000000c0000000,0x00000000c18cf328,0x00000000c4300000)
 Metaspace       used 47246K, committed 48064K, reserved 1097728K
  class space    used 5032K, committed 5376K, reserved 1048576K
}
Event: 35.644 GC heap after
{Heap after GC invocations=20 (full 2):
 PSYoungGen      total 24576K, used 2288K [0x00000000eab00000, 0x00000000ec680000, 0x0000000100000000)
  eden space 22016K, 0% used [0x00000000eab00000,0x00000000eab00000,0x00000000ec080000)
  from space 2560K, 89% used [0x00000000ec400000,0x00000000ec63c2b0,0x00000000ec680000)
  to   space 2560K, 0% used [0x00000000ec180000,0x00000000ec180000,0x00000000ec400000)
 ParOldGen       total 68608K, used 28028K [0x00000000c0000000, 0x00000000c4300000, 0x00000000eab00000)
  object space 68608K, 40% used [0x00000000c0000000,0x00000000c1b5f338,0x00000000c4300000)
 Metaspace       used 47246K, committed 48064K, reserved 1097728K
  class space    used 5032K, committed 5376K, reserved 1048576K
}
Event: 36.900 GC heap before
{Heap before GC invocations=21 (full 2):
 PSYoungGen      total 24576K, used 24291K [0x00000000eab00000, 0x00000000ec680000, 0x0000000100000000)
  eden space 22016K, 99% used [0x00000000eab00000,0x00000000ec07cb80,0x00000000ec080000)
  from space 2560K, 89% used [0x00000000ec400000,0x00000000ec63c2b0,0x00000000ec680000)
  to   space 2560K, 0% used [0x00000000ec180000,0x00000000ec180000,0x00000000ec400000)
 ParOldGen       total 68608K, used 28028K [0x00000000c0000000, 0x00000000c4300000, 0x00000000eab00000)
  object space 68608K, 40% used [0x00000000c0000000,0x00000000c1b5f338,0x00000000c4300000)
 Metaspace       used 49159K, committed 49920K, reserved 1097728K
  class space    used 5272K, committed 5568K, reserved 1048576K
}
Event: 36.907 GC heap after
{Heap after GC invocations=21 (full 2):
 PSYoungGen      total 23040K, used 662K [0x00000000eab00000, 0x00000000ec480000, 0x0000000100000000)
  eden space 22016K, 0% used [0x00000000eab00000,0x00000000eab00000,0x00000000ec080000)
  from space 1024K, 64% used [0x00000000ec180000,0x00000000ec225a20,0x00000000ec280000)
  to   space 1536K, 0% used [0x00000000ec300000,0x00000000ec300000,0x00000000ec480000)
 ParOldGen       total 68608K, used 30263K [0x00000000c0000000, 0x00000000c4300000, 0x00000000eab00000)
  object space 68608K, 44% used [0x00000000c0000000,0x00000000c1d8df10,0x00000000c4300000)
 Metaspace       used 49159K, committed 49920K, reserved 1097728K
  class space    used 5272K, committed 5568K, reserved 1048576K
}
Event: 37.795 GC heap before
{Heap before GC invocations=22 (full 2):
 PSYoungGen      total 23040K, used 22678K [0x00000000eab00000, 0x00000000ec480000, 0x0000000100000000)
  eden space 22016K, 100% used [0x00000000eab00000,0x00000000ec080000,0x00000000ec080000)
  from space 1024K, 64% used [0x00000000ec180000,0x00000000ec225a20,0x00000000ec280000)
  to   space 1536K, 0% used [0x00000000ec300000,0x00000000ec300000,0x00000000ec480000)
 ParOldGen       total 68608K, used 30263K [0x00000000c0000000, 0x00000000c4300000, 0x00000000eab00000)
  object space 68608K, 44% used [0x00000000c0000000,0x00000000c1d8df10,0x00000000c4300000)
 Metaspace       used 50008K, committed 50816K, reserved 1097728K
  class space    used 5347K, committed 5696K, reserved 1048576K
}
Event: 37.801 GC heap after
{Heap after GC invocations=22 (full 2):
 PSYoungGen      total 23552K, used 1417K [0x00000000eab00000, 0x00000000ec480000, 0x0000000100000000)
  eden space 22016K, 0% used [0x00000000eab00000,0x00000000eab00000,0x00000000ec080000)
  from space 1536K, 92% used [0x00000000ec300000,0x00000000ec4624d0,0x00000000ec480000)
  to   space 2048K, 0% used [0x00000000ec080000,0x00000000ec080000,0x00000000ec280000)
 ParOldGen       total 68608K, used 30881K [0x00000000c0000000, 0x00000000c4300000, 0x00000000eab00000)
  object space 68608K, 45% used [0x00000000c0000000,0x00000000c1e28418,0x00000000c4300000)
 Metaspace       used 50008K, committed 50816K, reserved 1097728K
  class space    used 5347K, committed 5696K, reserved 1048576K
}
Event: 38.595 GC heap before
{Heap before GC invocations=23 (full 2):
 PSYoungGen      total 23552K, used 23433K [0x00000000eab00000, 0x00000000ec480000, 0x0000000100000000)
  eden space 22016K, 100% used [0x00000000eab00000,0x00000000ec080000,0x00000000ec080000)
  from space 1536K, 92% used [0x00000000ec300000,0x00000000ec4624d0,0x00000000ec480000)
  to   space 2048K, 0% used [0x00000000ec080000,0x00000000ec080000,0x00000000ec280000)
 ParOldGen       total 68608K, used 30881K [0x00000000c0000000, 0x00000000c4300000, 0x00000000eab00000)
  object space 68608K, 45% used [0x00000000c0000000,0x00000000c1e28418,0x00000000c4300000)
 Metaspace       used 50257K, committed 51008K, reserved 1097728K
  class space    used 5360K, committed 5696K, reserved 1048576K
}
Event: 38.596 GC heap after
{Heap after GC invocations=23 (full 2):
 PSYoungGen      total 24064K, used 128K [0x00000000eab00000, 0x00000000ec380000, 0x0000000100000000)
  eden space 22016K, 0% used [0x00000000eab00000,0x00000000eab00000,0x00000000ec080000)
  from space 2048K, 6% used [0x00000000ec080000,0x00000000ec0a0000,0x00000000ec280000)
  to   space 1024K, 0% used [0x00000000ec280000,0x00000000ec280000,0x00000000ec380000)
 ParOldGen       total 68608K, used 31033K [0x00000000c0000000, 0x00000000c4300000, 0x00000000eab00000)
  object space 68608K, 45% used [0x00000000c0000000,0x00000000c1e4e418,0x00000000c4300000)
 Metaspace       used 50257K, committed 51008K, reserved 1097728K
  class space    used 5360K, committed 5696K, reserved 1048576K
}
Event: 40.949 GC heap before
{Heap before GC invocations=24 (full 2):
 PSYoungGen      total 24064K, used 22144K [0x00000000eab00000, 0x00000000ec380000, 0x0000000100000000)
  eden space 22016K, 100% used [0x00000000eab00000,0x00000000ec080000,0x00000000ec080000)
  from space 2048K, 6% used [0x00000000ec080000,0x00000000ec0a0000,0x00000000ec280000)
  to   space 1024K, 0% used [0x00000000ec280000,0x00000000ec280000,0x00000000ec380000)
 ParOldGen       total 68608K, used 31033K [0x00000000c0000000, 0x00000000c4300000, 0x00000000eab00000)
  object space 68608K, 45% used [0x00000000c0000000,0x00000000c1e4e418,0x00000000c4300000)
 Metaspace       used 51836K, committed 52608K, reserved 1097728K
  class space    used 5526K, committed 5824K, reserved 1048576K
}
Event: 40.952 GC heap after
{Heap after GC invocations=24 (full 2):
 PSYoungGen      total 23040K, used 633K [0x00000000eab00000, 0x00000000ec380000, 0x0000000100000000)
  eden space 22016K, 0% used [0x00000000eab00000,0x00000000eab00000,0x00000000ec080000)
  from space 1024K, 61% used [0x00000000ec280000,0x00000000ec31e470,0x00000000ec380000)
  to   space 1024K, 0% used [0x00000000ec180000,0x00000000ec180000,0x00000000ec280000)
 ParOldGen       total 68608K, used 31057K [0x00000000c0000000, 0x00000000c4300000, 0x00000000eab00000)
  object space 68608K, 45% used [0x00000000c0000000,0x00000000c1e54418,0x00000000c4300000)
 Metaspace       used 51836K, committed 52608K, reserved 1097728K
  class space    used 5526K, committed 5824K, reserved 1048576K
}
Event: 42.427 GC heap before
{Heap before GC invocations=25 (full 2):
 PSYoungGen      total 23040K, used 22649K [0x00000000eab00000, 0x00000000ec380000, 0x0000000100000000)
  eden space 22016K, 100% used [0x00000000eab00000,0x00000000ec080000,0x00000000ec080000)
  from space 1024K, 61% used [0x00000000ec280000,0x00000000ec31e470,0x00000000ec380000)
  to   space 1024K, 0% used [0x00000000ec180000,0x00000000ec180000,0x00000000ec280000)
 ParOldGen       total 68608K, used 31057K [0x00000000c0000000, 0x00000000c4300000, 0x00000000eab00000)
  object space 68608K, 45% used [0x00000000c0000000,0x00000000c1e54418,0x00000000c4300000)
 Metaspace       used 55116K, committed 56064K, reserved 1105920K
  class space    used 5871K, committed 6272K, reserved 1048576K
}
Event: 42.433 GC heap after
{Heap after GC invocations=25 (full 2):
 PSYoungGen      total 23040K, used 1006K [0x00000000eab00000, 0x00000000ec480000, 0x0000000100000000)
  eden space 22016K, 0% used [0x00000000eab00000,0x00000000eab00000,0x00000000ec080000)
  from space 1024K, 98% used [0x00000000ec180000,0x00000000ec27ba10,0x00000000ec280000)
  to   space 2048K, 0% used [0x00000000ec280000,0x00000000ec280000,0x00000000ec480000)
 ParOldGen       total 68608K, used 31666K [0x00000000c0000000, 0x00000000c4300000, 0x00000000eab00000)
  object space 68608K, 46% used [0x00000000c0000000,0x00000000c1eecb68,0x00000000c4300000)
 Metaspace       used 55116K, committed 56064K, reserved 1105920K
  class space    used 5871K, committed 6272K, reserved 1048576K
}
Event: 43.664 GC heap before
{Heap before GC invocations=26 (full 2):
 PSYoungGen      total 23040K, used 22995K [0x00000000eab00000, 0x00000000ec480000, 0x0000000100000000)
  eden space 22016K, 99% used [0x00000000eab00000,0x00000000ec079328,0x00000000ec080000)
  from space 1024K, 98% used [0x00000000ec180000,0x00000000ec27ba10,0x00000000ec280000)
  to   space 2048K, 0% used [0x00000000ec280000,0x00000000ec280000,0x00000000ec480000)
 ParOldGen       total 68608K, used 31666K [0x00000000c0000000, 0x00000000c4300000, 0x00000000eab00000)
  object space 68608K, 46% used [0x00000000c0000000,0x00000000c1eecb68,0x00000000c4300000)
 Metaspace       used 57966K, committed 58880K, reserved 1105920K
  class space    used 6147K, committed 6528K, reserved 1048576K
}
Event: 43.671 GC heap after
{Heap after GC invocations=26 (full 2):
 PSYoungGen      total 24064K, used 1821K [0x00000000eab00000, 0x00000000ec480000, 0x0000000100000000)
  eden space 22016K, 0% used [0x00000000eab00000,0x00000000eab00000,0x00000000ec080000)
  from space 2048K, 88% used [0x00000000ec280000,0x00000000ec447760,0x00000000ec480000)
  to   space 2048K, 0% used [0x00000000ec080000,0x00000000ec080000,0x00000000ec280000)
 ParOldGen       total 68608K, used 32617K [0x00000000c0000000, 0x00000000c4300000, 0x00000000eab00000)
  object space 68608K, 47% used [0x00000000c0000000,0x00000000c1fda658,0x00000000c4300000)
 Metaspace       used 57966K, committed 58880K, reserved 1105920K
  class space    used 6147K, committed 6528K, reserved 1048576K
}
Event: 44.832 GC heap before
{Heap before GC invocations=27 (full 2):
 PSYoungGen      total 24064K, used 9804K [0x00000000eab00000, 0x00000000ec480000, 0x0000000100000000)
  eden space 22016K, 36% used [0x00000000eab00000,0x00000000eb2cba80,0x00000000ec080000)
  from space 2048K, 88% used [0x00000000ec280000,0x00000000ec447760,0x00000000ec480000)
  to   space 2048K, 0% used [0x00000000ec080000,0x00000000ec080000,0x00000000ec280000)
 ParOldGen       total 68608K, used 32617K [0x00000000c0000000, 0x00000000c4300000, 0x00000000eab00000)
  object space 68608K, 47% used [0x00000000c0000000,0x00000000c1fda658,0x00000000c4300000)
 Metaspace       used 58729K, committed 59776K, reserved 1105920K
  class space    used 6215K, committed 6656K, reserved 1048576K
}
Event: 44.839 GC heap after
{Heap after GC invocations=27 (full 2):
 PSYoungGen      total 23040K, used 982K [0x00000000eab00000, 0x00000000ec380000, 0x0000000100000000)
  eden space 22016K, 0% used [0x00000000eab00000,0x00000000eab00000,0x00000000ec080000)
  from space 1024K, 95% used [0x00000000ec080000,0x00000000ec1758f8,0x00000000ec180000)
  to   space 1536K, 0% used [0x00000000ec200000,0x00000000ec200000,0x00000000ec380000)
 ParOldGen       total 68608K, used 33801K [0x00000000c0000000, 0x00000000c4300000, 0x00000000eab00000)
  object space 68608K, 49% used [0x00000000c0000000,0x00000000c2102658,0x00000000c4300000)
 Metaspace       used 58729K, committed 59776K, reserved 1105920K
  class space    used 6215K, committed 6656K, reserved 1048576K
}
Event: 44.839 GC heap before
{Heap before GC invocations=28 (full 3):
 PSYoungGen      total 23040K, used 982K [0x00000000eab00000, 0x00000000ec380000, 0x0000000100000000)
  eden space 22016K, 0% used [0x00000000eab00000,0x00000000eab00000,0x00000000ec080000)
  from space 1024K, 95% used [0x00000000ec080000,0x00000000ec1758f8,0x00000000ec180000)
  to   space 1536K, 0% used [0x00000000ec200000,0x00000000ec200000,0x00000000ec380000)
 ParOldGen       total 68608K, used 33801K [0x00000000c0000000, 0x00000000c4300000, 0x00000000eab00000)
  object space 68608K, 49% used [0x00000000c0000000,0x00000000c2102658,0x00000000c4300000)
 Metaspace       used 58729K, committed 59776K, reserved 1105920K
  class space    used 6215K, committed 6656K, reserved 1048576K
}

